# JRE version: Java(TM) SE Runtime Environment (17.0.5+9) (build 17.0.5+9-LTS-191)
# Java VM: Java HotSpot(TM) 64-Bit Server VM (17.0.5+9-LTS-191, mixed mode, sharing, tiered, compressed oops, compressed class ptrs, g1 gc, windows-amd64)
GC Precious Log:
 CPUs: 6 total, 6 available
 Memory: 3445M
 Large Page Support: Disabled
 NUMA Support: Disabled
 Compressed Oops: Enabled (32-bit)
 Heap Region Size: 1M
 Heap Min Capacity: 8M
 Heap Initial Capacity: 54M
 Heap Max Capacity: 862M
 Pre-touch: Disabled
 Parallel Workers: 6
 Concurrent Workers: 2
 Concurrent Refinement Workers: 6
 Periodic GC: Disabled
Heap:
 garbage-first heap   total 140288K, used 64370K [0x00000000ca200000, 0x0000000100000000)
  region size 1024K, 1 young (1024K), 1 survivors (1024K)
 Metaspace       used 62756K, committed 63168K, reserved 1105920K
  class space    used 8707K, committed 8896K, reserved 1048576K
GC Heap History (20 events):
Event: 11.612 GC heap after
{Heap after GC invocations=15 (full 0):
 garbage-first heap   total 89088K, used 29637K [0x00000000ca200000, 0x0000000100000000)
  region size 1024K, 5 young (5120K), 5 survivors (5120K)
 Metaspace       used 52668K, committed 52992K, reserved 1097728K
  class space    used 7271K, committed 7424K, reserved 1048576K
}
Event: 12.894 GC heap before
{Heap before GC invocations=15 (full 0):
 garbage-first heap   total 89088K, used 68549K [0x00000000ca200000, 0x0000000100000000)
  region size 1024K, 43 young (44032K), 5 survivors (5120K)
 Metaspace       used 56436K, committed 56832K, reserved 1097728K
  class space    used 7825K, committed 8000K, reserved 1048576K
}
Event: 12.943 GC heap after
{Heap after GC invocations=16 (full 0):
 garbage-first heap   total 89088K, used 33414K [0x00000000ca200000, 0x0000000100000000)
  region size 1024K, 6 young (6144K), 6 survivors (6144K)
 Metaspace       used 56436K, committed 56832K, reserved 1097728K
  class space    used 7825K, committed 8000K, reserved 1048576K
}
Event: 14.271 GC heap before
{Heap before GC invocations=16 (full 0):
 garbage-first heap   total 89088K, used 69254K [0x00000000ca200000, 0x0000000100000000)
  region size 1024K, 41 young (41984K), 6 survivors (6144K)
 Metaspace       used 59035K, committed 59456K, reserved 1105920K
  class space    used 8228K, committed 8448K, reserved 1048576K
}
Event: 14.305 GC heap after
{Heap after GC invocations=17 (full 0):
 garbage-first heap   total 89088K, used 36094K [0x00000000ca200000, 0x0000000100000000)
  region size 1024K, 4 young (4096K), 4 survivors (4096K)
 Metaspace       used 59035K, committed 59456K, reserved 1105920K
  class space    used 8228K, committed 8448K, reserved 1048576K
}
Event: 14.488 GC heap before
{Heap before GC invocations=17 (full 0):
 garbage-first heap   total 89088K, used 44286K [0x00000000ca200000, 0x0000000100000000)
  region size 1024K, 13 young (13312K), 4 survivors (4096K)
 Metaspace       used 59705K, committed 60096K, reserved 1105920K
  class space    used 8335K, committed 8512K, reserved 1048576K
}
Event: 14.502 GC heap after
{Heap after GC invocations=18 (full 0):
 garbage-first heap   total 89088K, used 37272K [0x00000000ca200000, 0x0000000100000000)
  region size 1024K, 2 young (2048K), 2 survivors (2048K)
 Metaspace       used 59705K, committed 60096K, reserved 1105920K
  class space    used 8335K, committed 8512K, reserved 1048576K
}
Event: 15.575 GC heap before
{Heap before GC invocations=19 (full 0):
 garbage-first heap   total 89088K, used 70040K [0x00000000ca200000, 0x0000000100000000)
  region size 1024K, 34 young (34816K), 2 survivors (2048K)
 Metaspace       used 62335K, committed 62784K, reserved 1105920K
  class space    used 8694K, committed 8896K, reserved 1048576K
}
Event: 15.622 GC heap after
{Heap after GC invocations=20 (full 0):
 garbage-first heap   total 89088K, used 41322K [0x00000000ca200000, 0x0000000100000000)
  region size 1024K, 5 young (5120K), 5 survivors (5120K)
 Metaspace       used 62335K, committed 62784K, reserved 1105920K
  class space    used 8694K, committed 8896K, reserved 1048576K
}
Event: 15.628 GC heap before
{Heap before GC invocations=20 (full 0):
 garbage-first heap   total 89088K, used 42346K [0x00000000ca200000, 0x0000000100000000)
  region size 1024K, 6 young (6144K), 5 survivors (5120K)
 Metaspace       used 62339K, committed 62784K, reserved 1105920K
  class space    used 8695K, committed 8896K, reserved 1048576K
}
Event: 15.664 GC heap after
{Heap after GC invocations=21 (full 0):
 garbage-first heap   total 113664K, used 41800K [0x00000000ca200000, 0x0000000100000000)
  region size 1024K, 1 young (1024K), 1 survivors (1024K)
 Metaspace       used 62339K, committed 62784K, reserved 1105920K
  class space    used 8695K, committed 8896K, reserved 1048576K
}
Event: 16.091 GC heap before
{Heap before GC invocations=21 (full 0):
 garbage-first heap   total 113664K, used 88904K [0x00000000ca200000, 0x0000000100000000)
  region size 1024K, 47 young (48128K), 1 survivors (1024K)
 Metaspace       used 62481K, committed 62976K, reserved 1105920K
  class space    used 8695K, committed 8896K, reserved 1048576K
}
Event: 16.114 GC heap after
{Heap after GC invocations=22 (full 0):
 garbage-first heap   total 113664K, used 51126K [0x00000000ca200000, 0x0000000100000000)
  region size 1024K, 6 young (6144K), 6 survivors (6144K)
 Metaspace       used 62481K, committed 62976K, reserved 1105920K
  class space    used 8695K, committed 8896K, reserved 1048576K
}
Event: 16.485 GC heap before
{Heap before GC invocations=22 (full 0):
 garbage-first heap   total 113664K, used 87990K [0x00000000ca200000, 0x0000000100000000)
  region size 1024K, 42 young (43008K), 6 survivors (6144K)
 Metaspace       used 62664K, committed 63040K, reserved 1105920K
  class space    used 8707K, committed 8896K, reserved 1048576K
}
Event: 16.533 GC heap after
{Heap after GC invocations=23 (full 0):
 garbage-first heap   total 113664K, used 61440K [0x00000000ca200000, 0x0000000100000000)
  region size 1024K, 6 young (6144K), 6 survivors (6144K)
 Metaspace       used 62664K, committed 63040K, reserved 1105920K
  class space    used 8707K, committed 8896K, reserved 1048576K
}
Event: 16.593 GC heap before
{Heap before GC invocations=23 (full 0):
 garbage-first heap   total 113664K, used 73728K [0x00000000ca200000, 0x0000000100000000)
  region size 1024K, 19 young (19456K), 6 survivors (6144K)
 Metaspace       used 62689K, committed 63168K, reserved 1105920K
  class space    used 8707K, committed 8896K, reserved 1048576K
}
Event: 16.648 GC heap after
{Heap after GC invocations=24 (full 0):
 garbage-first heap   total 113664K, used 64512K [0x00000000ca200000, 0x0000000100000000)
  region size 1024K, 3 young (3072K), 3 survivors (3072K)
 Metaspace       used 62689K, committed 63168K, reserved 1105920K
  class space    used 8707K, committed 8896K, reserved 1048576K
}
Event: 17.017 GC heap before
{Heap before GC invocations=25 (full 0):
 garbage-first heap   total 140288K, used 84992K [0x00000000ca200000, 0x0000000100000000)
  region size 1024K, 28 young (28672K), 3 survivors (3072K)
 Metaspace       used 62733K, committed 63168K, reserved 1105920K
  class space    used 8707K, committed 8896K, reserved 1048576K
}
Event: 17.037 GC heap after
{Heap after GC invocations=26 (full 0):
 garbage-first heap   total 140288K, used 67584K [0x00000000ca200000, 0x0000000100000000)
  region size 1024K, 4 young (4096K), 4 survivors (4096K)
 Metaspace       used 62733K, committed 63168K, reserved 1105920K
  class space    used 8707K, committed 8896K, reserved 1048576K
}
Event: 17.143 GC heap before
{Heap before GC invocations=26 (full 0):
 garbage-first heap   total 140288K, used 69632K [0x00000000ca200000, 0x0000000100000000)
  region size 1024K, 6 young (6144K), 4 survivors (4096K)
 Metaspace       used 62756K, committed 63168K, reserved 1105920K
  class space    used 8707K, committed 8896K, reserved 1048576K
}

